#
# A fatal error has been detected by the Java Runtime Environment:
#
#  EXCEPTION_ACCESS_VIOLATION (0xc0000005) at pc=0x0000000059c652c8, pid=9000, tid=0x0000000000002680
#
# JRE version: Java(TM) SE Runtime Environment (8.0_241-b07) (build 1.8.0_241-b07)
# Java VM: Java HotSpot(TM) 64-Bit Server VM (25.241-b07 mixed mode windows-amd64 compressed oops)
# Problematic frame:
# V  [jvm.dll+0x1152c8]
#
# Failed to write core dump. Minidumps are not enabled by default on client versions of Windows
#
# If you would like to submit a bug report, please visit:
#   http://bugreport.java.com/bugreport/crash.jsp
#

---------------  T H R E A D  ---------------

Current thread (0x000000000321b800):  GCTaskThread [stack: 0x0000000012a00000,0x0000000012b00000] [id=9856]

siginfo: ExceptionCode=0xc0000005, reading address 0xffffffffffffffff

Registers:
RAX=0x0000000012e00000, RBX=0x0000000000000080, RCX=0x0000000000000000, RDX=0x0000000000000010
RSP=0x0000000012affa80, RBP=0x00000000f4e0e1ec, RSI=0x00000000032f01f0, RDI=0x00000000032f01f0
R8 =0x007fffffff9ee000, R9 =0x0000000100001ef8, R10=0x000000000000000c, R11=0x000000005a15e088
R12=0x00000000f4e0e1fc, R13=0x0000000100002178, R14=0x0000000100002180, R15=0x00000000f4e0e1b8
RIP=0x0000000059c652c8, EFLAGS=0x0000000000010202

Top of Stack: (sp=0x0000000012affa80)
0x0000000012affa80:   0000000100001ef8 000000000000000c
0x0000000012affa90:   00000000f4e0e578 0000000059c65159
0x0000000012affaa0:   0000000000000000 00000000000003d8
0x0000000012affab0:   000000000321c028 0000000003214980
0x0000000012affac0:   00000000f4e0e1b8 0000000059c6ae65
0x0000000012affad0:   0000000000000000 00000000032f01f0
0x0000000012affae0:   00000000032f01f0 000000000321bc50
0x0000000012affaf0:   00000000157455a0 0000000059f50230
0x0000000012affb00:   0000000015e259e8 00000000157455a0
0x0000000012affb10:   00000000032f01f0 0000000000000734
0x0000000012affb20:   0000000000000000 0000000000000c00
0x0000000012affb30:   0000000000000000 0000000000000000
0x0000000012affb40:   0000000000000000 00000000196b4800
0x0000000012affb50:   0000000000000001 000015cb00001201
0x0000000012affb60:   0000f3f9fbc2fea8 000000000321c028
0x0000000012affb70:   000000000321bc50 00000000000003d8 

Instructions: (pc=0x0000000059c652c8)
0x0000000059c652a8:   05 83 6b 71 00 49 c1 e8 03 49 d3 e8 41 0f b6 c0
0x0000000059c652b8:   49 c1 e8 06 24 3f 0f b6 d0 48 8b 05 98 6b 71 00
0x0000000059c652c8:   4a 8b 0c c0 48 0f a3 d1 0f 82 59 01 00 00 0f b6
0x0000000059c652d8:   15 74 77 70 00 84 d2 74 16 44 8b 43 08 8b 0d 7d 


Register to memory mapping:

RAX=0x0000000012e00000 is an unknown value
RBX=0x0000000000000080 is an unknown value
RCX=0x0000000000000000 is an unknown value
RDX=0x0000000000000010 is an unknown value
RSP=0x0000000012affa80 is an unknown value
RBP=0x00000000f4e0e1ec is an unknown value
RSI=0x00000000032f01f0 is an unknown value
RDI=0x00000000032f01f0 is an unknown value
R8 =0x007fffffff9ee000 is an unknown value
R9 =0x0000000100001ef8 is pointing into metadata
R10=0x000000000000000c is an unknown value
R11=0x000000005a15e088 is an unknown value
R12=0x00000000f4e0e1fc is an unknown value
R13=0x0000000100002178 is pointing into metadata
R14=0x0000000100002180 is pointing into metadata
R15=0x00000000f4e0e1b8 is an oop
java.lang.Class 
 - klass: 'java/lang/Class'


Stack: [0x0000000012a00000,0x0000000012b00000],  sp=0x0000000012affa80,  free space=1022k
Native frames: (J=compiled Java code, j=interpreted, Vv=VM code, C=native code)
V  [jvm.dll+0x1152c8]
V  [jvm.dll+0x11ae65]
V  [jvm.dll+0x400230]
V  [jvm.dll+0x3fd283]
V  [jvm.dll+0x3fb09e]
V  [jvm.dll+0x29fd2a]
C  [msvcr100.dll+0x21d9f]
C  [msvcr100.dll+0x21e3b]
C  [KERNEL32.DLL+0x17bd4]
C  [ntdll.dll+0x6ced1]


---------------  P R O C E S S  ---------------

Java Threads: ( => current thread )
  0x00000000196b4800 JavaThread "mysql-cj-abandoned-connection-cleanup" daemon [_thread_blocked, id=1888, stack(0x000000001b120000,0x000000001b220000)]
  0x00000000196b4000 JavaThread "container-0" [_thread_blocked, id=3212, stack(0x000000001b020000,0x000000001b120000)]
  0x00000000196f9000 JavaThread "Catalina-utility-2" [_thread_blocked, id=8612, stack(0x000000001af20000,0x000000001b020000)]
  0x00000000196f8800 JavaThread "Catalina-utility-1" [_thread_blocked, id=9548, stack(0x000000001ae20000,0x000000001af20000)]
  0x0000000019447800 JavaThread "JMX server connection timeout 18" daemon [_thread_blocked, id=5564, stack(0x000000001a720000,0x000000001a820000)]
  0x0000000019446000 JavaThread "RMI Scheduler(0)" daemon [_thread_blocked, id=11124, stack(0x000000001a620000,0x000000001a720000)]
  0x00000000193f5800 JavaThread "RMI TCP Connection(1)-127.0.0.1" daemon [_thread_in_native, id=7924, stack(0x0000000018950000,0x0000000018a50000)]
  0x0000000017c83000 JavaThread "RMI TCP Accept-0" daemon [_thread_in_native, id=4536, stack(0x0000000018410000,0x0000000018510000)]
  0x0000000017c77800 JavaThread "RMI TCP Accept-51677" daemon [_thread_in_native, id=1572, stack(0x0000000018310000,0x0000000018410000)]
  0x0000000017c6d000 JavaThread "RMI TCP Accept-0" daemon [_thread_in_native, id=9620, stack(0x0000000018210000,0x0000000018310000)]
  0x00000000158cb000 JavaThread "Service Thread" daemon [_thread_blocked, id=8936, stack(0x00000000175d0000,0x00000000176d0000)]
  0x000000001588c800 JavaThread "C1 CompilerThread2" daemon [_thread_blocked, id=10212, stack(0x00000000170d0000,0x00000000171d0000)]
  0x0000000015885000 JavaThread "C2 CompilerThread1" daemon [_thread_blocked, id=2036, stack(0x0000000016fd0000,0x00000000170d0000)]
  0x000000001587c800 JavaThread "C2 CompilerThread0" daemon [_thread_blocked, id=1564, stack(0x0000000016ed0000,0x0000000016fd0000)]
  0x000000001587b000 JavaThread "Attach Listener" daemon [_thread_blocked, id=976, stack(0x0000000016dd0000,0x0000000016ed0000)]
  0x000000001587a000 JavaThread "Signal Dispatcher" daemon [_thread_blocked, id=9440, stack(0x0000000016cd0000,0x0000000016dd0000)]
  0x0000000015860800 JavaThread "Finalizer" daemon [_thread_blocked, id=228, stack(0x0000000016ad0000,0x0000000016bd0000)]
  0x00000000032f6000 JavaThread "Reference Handler" daemon [_thread_blocked, id=9168, stack(0x00000000169d0000,0x0000000016ad0000)]
  0x0000000003206000 JavaThread "main" [_thread_blocked, id=9228, stack(0x0000000003100000,0x0000000003200000)]

Other Threads:
  0x0000000015837000 VMThread [stack: 0x00000000168d0000,0x00000000169d0000] [id=8252]
  0x0000000017c84800 WatcherThread [stack: 0x0000000018510000,0x0000000018610000] [id=10344]

=>0x000000000321b800 (exited) GCTaskThread [stack: 0x0000000012a00000,0x0000000012b00000] [id=9856]

VM state:at safepoint (normal execution)

VM Mutex/Monitor currently owned by a thread:  ([mutex/lock_event])
[0x0000000003202550] Threads_lock - owner thread: 0x0000000015837000
[0x0000000003202a50] Heap_lock - owner thread: 0x0000000003206000

heap address: 0x00000000c2400000, size: 988 MB, Compressed Oops mode: 32-bit
Narrow klass base: 0x0000000000000000, Narrow klass shift: 3
Compressed class space size: 1073741824 Address: 0x0000000100000000

Heap:
 PSYoungGen      total 149504K, used 8062K [0x00000000eb700000, 0x00000000f6f80000, 0x0000000100000000)
  eden space 140288K, 0% used [0x00000000eb700000,0x00000000eb700000,0x00000000f4000000)
  from space 9216K, 87% used [0x00000000f4a00000,0x00000000f51dfb30,0x00000000f5300000)
  to   space 10240K, 0% used [0x00000000f4000000,0x00000000f4000000,0x00000000f4a00000)
 ParOldGen       total 30720K, used 11528K [0x00000000c2400000, 0x00000000c4200000, 0x00000000eb700000)
  object space 30720K, 37% used [0x00000000c2400000,0x00000000c2f42090,0x00000000c4200000)
 Metaspace       used 33605K, capacity 35390K, committed 35496K, reserved 1079296K
  class space    used 4656K, capacity 4998K, committed 5032K, reserved 1048576K

Card table byte_map: [0x00000000126c0000,0x00000000128b0000] byte_map_base: 0x00000000120ae000

Marking Bits: (ParMarkBitMap*) 0x000000005a37be30
 Begin Bits: [0x0000000012e00000, 0x0000000013d70000)
 End Bits:   [0x0000000013d70000, 0x0000000014ce0000)

Polling page: 0x0000000001320000

CodeCache: size=245760Kb used=6225Kb max_used=6225Kb free=239534Kb
 bounds [0x0000000003300000, 0x0000000003920000, 0x0000000012300000]
 total_blobs=3447 nmethods=3023 adapters=336
 compilation: enabled

Compilation events (10 events):
Event: 4.345 Thread 0x000000001588c800 3019   !   1       java.lang.Class::newInstance (155 bytes)
Event: 4.347 Thread 0x000000001588c800 nmethod 3019 0x0000000003912b50 code [0x0000000003912da0, 0x00000000039135e8]
Event: 4.361 Thread 0x000000001588c800 3020       1       java.util.Calendar::internalGet (7 bytes)
Event: 4.361 Thread 0x000000001588c800 nmethod 3020 0x0000000003913b90 code [0x0000000003913ce0, 0x0000000003913e10]
Event: 4.446 Thread 0x000000001588c800 3021       1       java.lang.Class::getDeclaredMethods (18 bytes)
Event: 4.446 Thread 0x000000001588c800 nmethod 3021 0x0000000003913ed0 code [0x0000000003914060, 0x00000000039141f8]
Event: 4.501 Thread 0x000000001588c800 3022       1       java.lang.invoke.DirectMethodHandle$Special::isInvokeSpecial (2 bytes)
Event: 4.501 Thread 0x000000001588c800 nmethod 3022 0x00000000039142d0 code [0x0000000003914420, 0x0000000003914530]
Event: 4.502 Thread 0x000000001588c800 3023       1       java.util.concurrent.ConcurrentHashMap$MapEntry::getValue (5 bytes)
Event: 4.502 Thread 0x000000001588c800 nmethod 3023 0x0000000003914590 code [0x00000000039146e0, 0x00000000039147f0]

GC Heap History (10 events):
Event: 2.064 GC heap after
Heap after GC invocations=7 (full 0):
 PSYoungGen      total 69120K, used 2796K [0x00000000eb700000, 0x00000000f3e00000, 0x0000000100000000)
  eden space 62464K, 0% used [0x00000000eb700000,0x00000000eb700000,0x00000000ef400000)
  from space 6656K, 42% used [0x00000000ef400000,0x00000000ef6bb1b8,0x00000000efa80000)
  to   space 6656K, 0% used [0x00000000f3780000,0x00000000f3780000,0x00000000f3e00000)
 ParOldGen       total 42496K, used 9759K [0x00000000c2400000, 0x00000000c4d80000, 0x00000000eb700000)
  object space 42496K, 22% used [0x00000000c2400000,0x00000000c2d87df0,0x00000000c4d80000)
 Metaspace       used 20589K, capacity 21266K, committed 21296K, reserved 1067008K
  class space    used 2744K, capacity 2926K, committed 2944K, reserved 1048576K
}
Event: 2.064 GC heap before
{Heap before GC invocations=8 (full 1):
 PSYoungGen      total 69120K, used 2796K [0x00000000eb700000, 0x00000000f3e00000, 0x0000000100000000)
  eden space 62464K, 0% used [0x00000000eb700000,0x00000000eb700000,0x00000000ef400000)
  from space 6656K, 42% used [0x00000000ef400000,0x00000000ef6bb1b8,0x00000000efa80000)
  to   space 6656K, 0% used [0x00000000f3780000,0x00000000f3780000,0x00000000f3e00000)
 ParOldGen       total 42496K, used 9759K [0x00000000c2400000, 0x00000000c4d80000, 0x00000000eb700000)
  object space 42496K, 22% used [0x00000000c2400000,0x00000000c2d87df0,0x00000000c4d80000)
 Metaspace       used 20589K, capacity 21266K, committed 21296K, reserved 1067008K
  class space    used 2744K, capacity 2926K, committed 2944K, reserved 1048576K
Event: 2.111 GC heap after
Heap after GC invocations=8 (full 1):
 PSYoungGen      total 69120K, used 0K [0x00000000eb700000, 0x00000000f3e00000, 0x0000000100000000)
  eden space 62464K, 0% used [0x00000000eb700000,0x00000000eb700000,0x00000000ef400000)
  from space 6656K, 0% used [0x00000000ef400000,0x00000000ef400000,0x00000000efa80000)
  to   space 6656K, 0% used [0x00000000f3780000,0x00000000f3780000,0x00000000f3e00000)
 ParOldGen       total 30720K, used 6561K [0x00000000c2400000, 0x00000000c4200000, 0x00000000eb700000)
  object space 30720K, 21% used [0x00000000c2400000,0x00000000c2a685c8,0x00000000c4200000)
 Metaspace       used 20587K, capacity 21260K, committed 21296K, reserved 1067008K
  class space    used 2743K, capacity 2925K, committed 2944K, reserved 1048576K
}
Event: 2.932 GC heap before
{Heap before GC invocations=9 (full 1):
 PSYoungGen      total 69120K, used 62464K [0x00000000eb700000, 0x00000000f3e00000, 0x0000000100000000)
  eden space 62464K, 100% used [0x00000000eb700000,0x00000000ef400000,0x00000000ef400000)
  from space 6656K, 0% used [0x00000000ef400000,0x00000000ef400000,0x00000000efa80000)
  to   space 6656K, 0% used [0x00000000f3780000,0x00000000f3780000,0x00000000f3e00000)
 ParOldGen       total 30720K, used 6561K [0x00000000c2400000, 0x00000000c4200000, 0x00000000eb700000)
  object space 30720K, 21% used [0x00000000c2400000,0x00000000c2a685c8,0x00000000c4200000)
 Metaspace       used 23534K, capacity 24570K, committed 24832K, reserved 1071104K
  class space    used 3227K, capacity 3466K, committed 3584K, reserved 1048576K
Event: 2.941 GC heap after
Heap after GC invocations=9 (full 1):
 PSYoungGen      total 110080K, used 6252K [0x00000000eb700000, 0x00000000f3e00000, 0x0000000100000000)
  eden space 103424K, 0% used [0x00000000eb700000,0x00000000eb700000,0x00000000f1c00000)
  from space 6656K, 93% used [0x00000000f3780000,0x00000000f3d9b018,0x00000000f3e00000)
  to   space 7168K, 0% used [0x00000000f3000000,0x00000000f3000000,0x00000000f3700000)
 ParOldGen       total 30720K, used 6569K [0x00000000c2400000, 0x00000000c4200000, 0x00000000eb700000)
  object space 30720K, 21% used [0x00000000c2400000,0x00000000c2a6a5c8,0x00000000c4200000)
 Metaspace       used 23534K, capacity 24570K, committed 24832K, reserved 1071104K
  class space    used 3227K, capacity 3466K, committed 3584K, reserved 1048576K
}
Event: 4.005 GC heap before
{Heap before GC invocations=10 (full 1):
 PSYoungGen      total 110080K, used 109676K [0x00000000eb700000, 0x00000000f3e00000, 0x0000000100000000)
  eden space 103424K, 100% used [0x00000000eb700000,0x00000000f1c00000,0x00000000f1c00000)
  from space 6656K, 93% used [0x00000000f3780000,0x00000000f3d9b018,0x00000000f3e00000)
  to   space 7168K, 0% used [0x00000000f3000000,0x00000000f3000000,0x00000000f3700000)
 ParOldGen       total 30720K, used 6569K [0x00000000c2400000, 0x00000000c4200000, 0x00000000eb700000)
  object space 30720K, 21% used [0x00000000c2400000,0x00000000c2a6a5c8,0x00000000c4200000)
 Metaspace       used 29783K, capacity 31488K, committed 31872K, reserved 1077248K
  class space    used 4040K, capacity 4379K, committed 4480K, reserved 1048576K
Event: 4.019 GC heap after
Heap after GC invocations=10 (full 1):
 PSYoungGen      total 131072K, used 7141K [0x00000000eb700000, 0x00000000f5300000, 0x0000000100000000)
  eden space 123904K, 0% used [0x00000000eb700000,0x00000000eb700000,0x00000000f3000000)
  from space 7168K, 99% used [0x00000000f3000000,0x00000000f36f9578,0x00000000f3700000)
  to   space 9216K, 0% used [0x00000000f4a00000,0x00000000f4a00000,0x00000000f5300000)
 ParOldGen       total 30720K, used 9318K [0x00000000c2400000, 0x00000000c4200000, 0x00000000eb700000)
  object space 30720K, 30% used [0x00000000c2400000,0x00000000c2d199b8,0x00000000c4200000)
 Metaspace       used 29783K, capacity 31488K, committed 31872K, reserved 1077248K
  class space    used 4040K, capacity 4379K, committed 4480K, reserved 1048576K
}
Event: 4.513 GC heap before
{Heap before GC invocations=11 (full 1):
 PSYoungGen      total 131072K, used 38690K [0x00000000eb700000, 0x00000000f5300000, 0x0000000100000000)
  eden space 123904K, 25% used [0x00000000eb700000,0x00000000ed5cf3f0,0x00000000f3000000)
  from space 7168K, 99% used [0x00000000f3000000,0x00000000f36f9578,0x00000000f3700000)
  to   space 9216K, 0% used [0x00000000f4a00000,0x00000000f4a00000,0x00000000f5300000)
 ParOldGen       total 30720K, used 9318K [0x00000000c2400000, 0x00000000c4200000, 0x00000000eb700000)
  object space 30720K, 30% used [0x00000000c2400000,0x00000000c2d199b8,0x00000000c4200000)
 Metaspace       used 33605K, capacity 35390K, committed 35496K, reserved 1079296K
  class space    used 4656K, capacity 4998K, committed 5032K, reserved 1048576K
Event: 4.528 GC heap after
Heap after GC invocations=11 (full 1):
 PSYoungGen      total 149504K, used 8062K [0x00000000eb700000, 0x00000000f6f80000, 0x0000000100000000)
  eden space 140288K, 0% used [0x00000000eb700000,0x00000000eb700000,0x00000000f4000000)
  from space 9216K, 87% used [0x00000000f4a00000,0x00000000f51dfb30,0x00000000f5300000)
  to   space 10240K, 0% used [0x00000000f4000000,0x00000000f4000000,0x00000000f4a00000)
 ParOldGen       total 30720K, used 11528K [0x00000000c2400000, 0x00000000c4200000, 0x00000000eb700000)
  object space 30720K, 37% used [0x00000000c2400000,0x00000000c2f42090,0x00000000c4200000)
 Metaspace       used 33605K, capacity 35390K, committed 35496K, reserved 1079296K
  class space    used 4656K, capacity 4998K, committed 5032K, reserved 1048576K
}
Event: 4.528 GC heap before
{Heap before GC invocations=12 (full 2):
 PSYoungGen      total 149504K, used 8062K [0x00000000eb700000, 0x00000000f6f80000, 0x0000000100000000)
  eden space 140288K, 0% used [0x00000000eb700000,0x00000000eb700000,0x00000000f4000000)
  from space 9216K, 87% used [0x00000000f4a00000,0x00000000f51dfb30,0x00000000f5300000)
  to   space 10240K, 0% used [0x00000000f4000000,0x00000000f4000000,0x00000000f4a00000)
 ParOldGen       total 30720K, used 11528K [0x00000000c2400000, 0x00000000c4200000, 0x00000000eb700000)
  object space 30720K, 37% used [0x00000000c2400000,0x00000000c2f42090,0x00000000c4200000)
 Metaspace       used 33605K, capacity 35390K, committed 35496K, reserved 1079296K
  class space    used 4656K, capacity 4998K, committed 5032K, reserved 1048576K

Deoptimization events (0 events):
No events

Classes redefined (0 events):
No events

Internal exceptions (10 events):
Event: 4.142 Thread 0x0000000003206000 Implicit null exception at 0x000000000369578d to 0x00000000036959c9
Event: 4.143 Thread 0x0000000003206000 Exception <a 'java/lang/NullPointerException'> (0x00000000ebfa7ed8) thrown at [C:\ade\jenkins\workspace\8-2-build-windows-amd64-cygwin\jdk8u241\331\hotspot\src\share\vm\runtime\sharedRuntime.cpp, line 605]
Event: 4.143 Thread 0x0000000003206000 Implicit null exception at 0x000000000369578d to 0x00000000036959c9
Event: 4.143 Thread 0x0000000003206000 Exception <a 'java/lang/NullPointerException'> (0x00000000ebfa8b20) thrown at [C:\ade\jenkins\workspace\8-2-build-windows-amd64-cygwin\jdk8u241\331\hotspot\src\share\vm\runtime\sharedRuntime.cpp, line 605]
Event: 4.157 Thread 0x0000000003206000 Exception <a 'java/lang/ArrayIndexOutOfBoundsException'> (0x00000000ec059010) thrown at [C:\ade\jenkins\workspace\8-2-build-windows-amd64-cygwin\jdk8u241\331\hotspot\src\share\vm\runtime\sharedRuntime.cpp, line 605]
Event: 4.167 Thread 0x0000000003206000 Exception <a 'java/lang/ArrayIndexOutOfBoundsException'> (0x00000000ec096d50) thrown at [C:\ade\jenkins\workspace\8-2-build-windows-amd64-cygwin\jdk8u241\331\hotspot\src\share\vm\runtime\sharedRuntime.cpp, line 605]
Event: 4.171 Thread 0x0000000003206000 Exception <a 'java/lang/ArrayIndexOutOfBoundsException'> (0x00000000ec0ad900) thrown at [C:\ade\jenkins\workspace\8-2-build-windows-amd64-cygwin\jdk8u241\331\hotspot\src\share\vm\runtime\sharedRuntime.cpp, line 605]
Event: 4.172 Thread 0x0000000003206000 Exception <a 'java/lang/ArrayIndexOutOfBoundsException'> (0x00000000ec0b45e8) thrown at [C:\ade\jenkins\workspace\8-2-build-windows-amd64-cygwin\jdk8u241\331\hotspot\src\share\vm\runtime\sharedRuntime.cpp, line 605]
Event: 4.183 Thread 0x0000000003206000 Exception <a 'java/lang/ArrayIndexOutOfBoundsException'> (0x00000000ec1a2158) thrown at [C:\ade\jenkins\workspace\8-2-build-windows-amd64-cygwin\jdk8u241\331\hotspot\src\share\vm\runtime\sharedRuntime.cpp, line 605]
Event: 4.183 Thread 0x0000000003206000 Exception <a 'java/lang/ArrayIndexOutOfBoundsException'> (0x00000000ec1a3938) thrown at [C:\ade\jenkins\workspace\8-2-build-windows-amd64-cygwin\jdk8u241\331\hotspot\src\share\vm\runtime\sharedRuntime.cpp, line 605]

Events (10 events):
Event: 4.511 loading class org/hibernate/service/spi/SessionFactoryServiceRegistryFactory done
Event: 4.512 loading class org/hibernate/cache/spi/RegionFactory
Event: 4.512 loading class org/hibernate/cache/spi/RegionFactory done
Event: 4.512 loading class org/hibernate/resource/beans/spi/ManagedBeanRegistry
Event: 4.512 loading class org/hibernate/resource/beans/spi/ManagedBeanRegistry done
Event: 4.512 loading class org/hibernate/event/spi/EntityCopyObserverFactory
Event: 4.512 loading class org/hibernate/event/spi/EntityCopyObserverFactory done
Event: 4.513 loading class org/hibernate/boot/MetadataSources
Event: 4.513 loading class org/hibernate/boot/MetadataSources done
Event: 4.513 Executing VM operation: CollectForMetadataAllocation


Dynamic libraries:
0x00007ff6d7b50000 - 0x00007ff6d7b87000 	C:\Program Files\Java\jdk1.8.0_241\bin\javaw.exe
0x00007ffc22a40000 - 0x00007ffc22c30000 	C:\Windows\SYSTEM32\ntdll.dll
0x00007ffc21df0000 - 0x00007ffc21ea2000 	C:\Windows\System32\KERNEL32.DLL
0x00007ffc1fcf0000 - 0x00007ffc1ff93000 	C:\Windows\System32\KERNELBASE.dll
0x00007ffc20e30000 - 0x00007ffc20ed3000 	C:\Windows\System32\ADVAPI32.dll
0x00007ffc21d50000 - 0x00007ffc21dee000 	C:\Windows\System32\msvcrt.dll
0x00007ffc21ed0000 - 0x00007ffc21f67000 	C:\Windows\System32\sechost.dll
0x00007ffc20af0000 - 0x00007ffc20c10000 	C:\Windows\System32\RPCRT4.dll
0x00007ffc21880000 - 0x00007ffc21a14000 	C:\Windows\System32\USER32.dll
0x00007ffc208f0000 - 0x00007ffc20911000 	C:\Windows\System32\win32u.dll
0x00007ffc21c70000 - 0x00007ffc21c96000 	C:\Windows\System32\GDI32.dll
0x00007ffc20920000 - 0x00007ffc20ab4000 	C:\Windows\System32\gdi32full.dll
0x00007ffc1f9f0000 - 0x00007ffc1fa8e000 	C:\Windows\System32\msvcp_win.dll
0x00007ffc1fbf0000 - 0x00007ffc1fcea000 	C:\Windows\System32\ucrtbase.dll
0x00007ffc1a640000 - 0x00007ffc1a8c5000 	C:\Windows\WinSxS\amd64_microsoft.windows.common-controls_6595b64144ccf1df_6.0.18362.657_none_e6c5b579130e3898\COMCTL32.dll
0x00007ffc20f90000 - 0x00007ffc212c6000 	C:\Windows\System32\combase.dll
0x00007ffc1ffa0000 - 0x00007ffc20020000 	C:\Windows\System32\bcryptPrimitives.dll
0x00007ffc21b70000 - 0x00007ffc21b9e000 	C:\Windows\System32\IMM32.DLL
0x0000000059a70000 - 0x0000000059b42000 	C:\Program Files\Java\jdk1.8.0_241\jre\bin\msvcr100.dll
0x0000000059b50000 - 0x000000005a3fc000 	C:\Program Files\Java\jdk1.8.0_241\jre\bin\server\jvm.dll
0x00007ffc20c70000 - 0x00007ffc20c78000 	C:\Windows\System32\PSAPI.DLL
0x00007ffbffec0000 - 0x00007ffbffec9000 	C:\Windows\SYSTEM32\WSOCK32.dll
0x00007ffc11b90000 - 0x00007ffc11b9a000 	C:\Windows\SYSTEM32\VERSION.dll
0x00007ffc1cf50000 - 0x00007ffc1cf74000 	C:\Windows\SYSTEM32\WINMM.dll
0x00007ffc21810000 - 0x00007ffc2187f000 	C:\Windows\System32\WS2_32.dll
0x00007ffc1cf20000 - 0x00007ffc1cf4d000 	C:\Windows\SYSTEM32\winmmbase.dll
0x00007ffc1fba0000 - 0x00007ffc1fbea000 	C:\Windows\System32\cfgmgr32.dll
0x00007ffbffd00000 - 0x00007ffbffd0f000 	C:\Program Files\Java\jdk1.8.0_241\jre\bin\verify.dll
0x00007ffbfdcd0000 - 0x00007ffbfdcf9000 	C:\Program Files\Java\jdk1.8.0_241\jre\bin\java.dll
0x00007ffbfdcb0000 - 0x00007ffbfdcc6000 	C:\Program Files\Java\jdk1.8.0_241\jre\bin\zip.dll
0x00007ffc21fe0000 - 0x00007ffc226c5000 	C:\Windows\System32\SHELL32.dll
0x00007ffc21ca0000 - 0x00007ffc21d49000 	C:\Windows\System32\shcore.dll
0x00007ffc20020000 - 0x00007ffc2079f000 	C:\Windows\System32\windows.storage.dll
0x00007ffc1f940000 - 0x00007ffc1f95f000 	C:\Windows\System32\profapi.dll
0x00007ffc1f960000 - 0x00007ffc1f9aa000 	C:\Windows\System32\powrprof.dll
0x00007ffc1f910000 - 0x00007ffc1f920000 	C:\Windows\System32\UMPDC.dll
0x00007ffc20c10000 - 0x00007ffc20c62000 	C:\Windows\System32\shlwapi.dll
0x00007ffc1f9b0000 - 0x00007ffc1f9c1000 	C:\Windows\System32\kernel.appcore.dll
0x00007ffc1f9d0000 - 0x00007ffc1f9e7000 	C:\Windows\System32\cryptsp.dll
0x00007ffc1ad30000 - 0x00007ffc1ad3d000 	C:\Program Files\Java\jdk1.8.0_241\jre\bin\management.dll
0x00007ffbfdc60000 - 0x00007ffbfdc7a000 	C:\Program Files\Java\jdk1.8.0_241\jre\bin\net.dll
0x00007ffc1f180000 - 0x00007ffc1f1e7000 	C:\Windows\system32\mswsock.dll
0x00007ffbfdc40000 - 0x00007ffbfdc52000 	C:\Program Files\Java\jdk1.8.0_241\jre\bin\nio.dll
0x00007ffc0fea0000 - 0x00007ffc0feb6000 	C:\Windows\system32\napinsp.dll
0x00007ffc0ebc0000 - 0x00007ffc0ebda000 	C:\Windows\system32\pnrpnsp.dll
0x00007ffc1eee0000 - 0x00007ffc1efaa000 	C:\Windows\SYSTEM32\DNSAPI.dll
0x00007ffc21a20000 - 0x00007ffc21a28000 	C:\Windows\System32\NSI.dll
0x00007ffc1ee90000 - 0x00007ffc1eeca000 	C:\Windows\SYSTEM32\IPHLPAPI.DLL
0x00007ffc0ebb0000 - 0x00007ffc0ebbe000 	C:\Windows\System32\winrnr.dll
0x00007ffc1bc30000 - 0x00007ffc1bc4c000 	C:\Windows\system32\NLAapi.dll
0x00007ffc0eb90000 - 0x00007ffc0eba5000 	C:\Windows\system32\wshbth.dll
0x00007ffc15dc0000 - 0x00007ffc15dca000 	C:\Windows\System32\rasadhlp.dll
0x00007ffc168e0000 - 0x00007ffc16957000 	C:\Windows\System32\fwpuclnt.dll
0x00007ffc20ac0000 - 0x00007ffc20ae6000 	C:\Windows\System32\bcrypt.dll
0x00007ffc1ecf0000 - 0x00007ffc1ed23000 	C:\Windows\system32\rsaenh.dll
0x00007ffc1f800000 - 0x00007ffc1f825000 	C:\Windows\SYSTEM32\USERENV.dll
0x00007ffc1f350000 - 0x00007ffc1f35c000 	C:\Windows\SYSTEM32\CRYPTBASE.dll
0x00007ffc16ab0000 - 0x00007ffc16ac6000 	C:\Windows\SYSTEM32\dhcpcsvc6.DLL
0x00007ffc16b90000 - 0x00007ffc16bac000 	C:\Windows\SYSTEM32\dhcpcsvc.DLL
0x00007ffc13fe0000 - 0x00007ffc141d4000 	C:\Windows\SYSTEM32\dbghelp.dll

VM Arguments:
jvm_args: -Dcom.sun.management.jmxremote -Dcom.sun.management.jmxremote.port=51677 -Dcom.sun.management.jmxremote.authenticate=false -Dcom.sun.management.jmxremote.ssl=false -Djava.rmi.server.hostname=localhost -Dspring.jmx.enabled=true -Dspring.application.admin.enabled=true -Xverify:none -XX:TieredStopAtLevel=1 -Dspring.boot.project.name=EmployeeManagementSystem -Dfile.encoding=UTF-8 
java_command: com.employee.EmployeeManagementSystemApplication --spring.output.ansi.enabled=always
java_class_path (initial): E:\STS workspace\EmployeeManagementSystem\target\classes;C:\Users\moinak\.m2\repository\org\springframework\boot\spring-boot-starter-data-jpa\2.2.4.RELEASE\spring-boot-starter-data-jpa-2.2.4.RELEASE.jar;C:\Users\moinak\.m2\repository\org\springframework\boot\spring-boot-starter-aop\2.2.4.RELEASE\spring-boot-starter-aop-2.2.4.RELEASE.jar;C:\Users\moinak\.m2\repository\org\springframework\spring-aop\5.2.3.RELEASE\spring-aop-5.2.3.RELEASE.jar;C:\Users\moinak\.m2\repository\org\aspectj\aspectjweaver\1.9.5\aspectjweaver-1.9.5.jar;C:\Users\moinak\.m2\repository\org\springframework\boot\spring-boot-starter-jdbc\2.2.4.RELEASE\spring-boot-starter-jdbc-2.2.4.RELEASE.jar;C:\Users\moinak\.m2\repository\com\zaxxer\HikariCP\3.4.2\HikariCP-3.4.2.jar;C:\Users\moinak\.m2\repository\org\springframework\spring-jdbc\5.2.3.RELEASE\spring-jdbc-5.2.3.RELEASE.jar;C:\Users\moinak\.m2\repository\jakarta\activation\jakarta.activation-api\1.2.1\jakarta.activation-api-1.2.1.jar;C:\Users\moinak\.m2\repository\jakarta\persistence\jakarta.persistence-api\2.2.3\jakarta.persistence-api-2.2.3.jar;C:\Users\moinak\.m2\repository\jakarta\transaction\jakarta.transaction-api\1.3.3\jakarta.transaction-api-1.3.3.jar;C:\Users\moinak\.m2\repository\org\hibernate\hibernate-core\5.4.10.Final\hibernate-core-5.4.10.Final.jar;C:\Users\moinak\.m2\repository\org\jboss\logging\jboss-logging\3.4.1.Final\jboss-logging-3.4.1.Final.jar;C:\Users\moinak\.m2\repository\org\javassist\javassist\3.24.0-GA\javassist-3.24.0-GA.jar;C:\Users\moinak\.m2\repository\net\bytebuddy\byte-buddy\1.10.6\byte-buddy-1.10.6.jar;C:\Users\moinak\.m2\repository\antlr\antlr\2.7.7\antlr-2.7.7.jar;C:\Users\moinak\.m2\repository\org\jboss\jandex\2.1.1.Final\jandex-2.1.1.Final.jar;C:\Users\moinak\.m2\repository\com\fasterxml\classmate\1.5.1\classmate-1.5.1.jar;C:\Users\moinak\.m2\repository\org\dom4j\dom4j\2.1.1\dom4j-2.1.1.jar;C:\Users\moinak\.m2\repository\org\hibernate\common\hibernate-commons-annotations\5.1.0.Final\h
Launcher Type: SUN_STANDARD

Environment Variables:
PATH=C:/Program Files/Java/jdk1.8.0_241/bin/../jre/bin/server;C:/Program Files/Java/jdk1.8.0_241/bin/../jre/bin;C:/Program Files/Java/jdk1.8.0_241/bin/../jre/lib/amd64;C:\oraclexe\app\oracle\product\10.2.0\server\bin;C:\Windows\system32;C:\Windows;C:\Windows\System32\Wbem;C:\Windows\System32\WindowsPowerShell\v1.0\;C:\Windows\System32\OpenSSH\;C:\Users\moinak\AppData\Local\Programs\Python\Python38-32\Scripts\;C:\Users\moinak\AppData\Local\Programs\Python\Python38-32\;C:\Users\moinak\AppData\Local\Microsoft\WindowsApps;C:\Program Files\Java\jdk1.8.0_241\bin;;C:\Users\moinak\AppData\Local\Programs\Microsoft VS Code\bin;E:\sts-4.5.0.RELEASE;
USERNAME=moinak
OS=Windows_NT
PROCESSOR_IDENTIFIER=Intel64 Family 6 Model 42 Stepping 7, GenuineIntel



---------------  S Y S T E M  ---------------

OS: Windows 10.0 , 64 bit Build 18362 (10.0.18362.329)

CPU:total 4 (initial active 4) (2 cores per cpu, 2 threads per core) family 6 model 42 stepping 7, cmov, cx8, fxsr, mmx, sse, sse2, sse3, ssse3, sse4.1, sse4.2, popcnt, avx, clmul, ht, tsc, tscinvbit

Memory: 4k page, physical 4042604k(1085184k free), swap 7712620k(2839024k free)

vm_info: Java HotSpot(TM) 64-Bit Server VM (25.241-b07) for windows-amd64 JRE (1.8.0_241-b07), built on Dec 11 2019 10:21:40 by "rejava" with MS VC++ 10.0 (VS2010)

time: Fri Mar 06 23:59:24 2020
timezone: India Standard Time
elapsed time: 4 seconds (0d 0h 0m 4s)

